{"$message_type":"diagnostic","message":"unresolved import `spacetimedb::spacetimedb`","code":{"code":"E0432","explanation":"An import was unresolved.\n\nErroneous code example:\n\n```compile_fail,E0432\nuse something::Foo; // error: unresolved import `something::Foo`.\n```\n\nIn Rust 2015, paths in `use` statements are relative to the crate root. To\nimport items relative to the current and parent modules, use the `self::` and\n`super::` prefixes, respectively.\n\nIn Rust 2018 or later, paths in `use` statements are relative to the current\nmodule unless they begin with the name of a crate or a literal `crate::`, in\nwhich case they start from the crate root. As in Rust 2015 code, the `self::`\nand `super::` prefixes refer to the current and parent modules respectively.\n\nAlso verify that you didn't misspell the import name and that the import exists\nin the module from where you tried to import it. Example:\n\n```\nuse self::something::Foo; // Ok.\n\nmod something {\n    pub struct Foo;\n}\n# fn main() {}\n```\n\nIf you tried to use a module from an external crate and are using Rust 2015,\nyou may have missed the `extern crate` declaration (which is usually placed in\nthe crate root):\n\n```edition2015\nextern crate core; // Required to use the `core` crate in Rust 2015.\n\nuse core::any;\n# fn main() {}\n```\n\nSince Rust 2018 the `extern crate` declaration is not required and\nyou can instead just `use` it:\n\n```edition2018\nuse core::any; // No extern crate required in Rust 2018.\n# fn main() {}\n```\n"},"level":"error","spans":[{"file_name":"src/lib.rs","byte_start":23,"byte_end":34,"line_start":2,"line_end":2,"column_start":5,"column_end":16,"is_primary":true,"text":[{"text":"    spacetimedb,","highlight_start":5,"highlight_end":16}],"label":"no `spacetimedb` in the root","suggested_replacement":null,"suggestion_applicability":null,"expansion":null}],"children":[],"rendered":"\u001b[0m\u001b[1m\u001b[38;5;9merror[E0432]\u001b[0m\u001b[0m\u001b[1m: unresolved import `spacetimedb::spacetimedb`\u001b[0m\n\u001b[0m \u001b[0m\u001b[0m\u001b[1m\u001b[38;5;12m--> \u001b[0m\u001b[0msrc/lib.rs:2:5\u001b[0m\n\u001b[0m  \u001b[0m\u001b[0m\u001b[1m\u001b[38;5;12m|\u001b[0m\n\u001b[0m\u001b[1m\u001b[38;5;12m2\u001b[0m\u001b[0m \u001b[0m\u001b[0m\u001b[1m\u001b[38;5;12m|\u001b[0m\u001b[0m \u001b[0m\u001b[0m    spacetimedb,\u001b[0m\n\u001b[0m  \u001b[0m\u001b[0m\u001b[1m\u001b[38;5;12m|\u001b[0m\u001b[0m     \u001b[0m\u001b[0m\u001b[1m\u001b[38;5;9m^^^^^^^^^^^\u001b[0m\u001b[0m \u001b[0m\u001b[0m\u001b[1m\u001b[38;5;9mno `spacetimedb` in the root\u001b[0m\n\n"}
{"$message_type":"diagnostic","message":"cannot find attribute `primarykey` in this scope","code":null,"level":"error","spans":[{"file_name":"src/lib.rs","byte_start":244,"byte_end":254,"line_start":13,"line_end":13,"column_start":7,"column_end":17,"is_primary":true,"text":[{"text":"    #[primarykey]","highlight_start":7,"highlight_end":17}],"label":null,"suggested_replacement":null,"suggestion_applicability":null,"expansion":null}],"children":[],"rendered":"\u001b[0m\u001b[1m\u001b[38;5;9merror\u001b[0m\u001b[0m\u001b[1m: cannot find attribute `primarykey` in this scope\u001b[0m\n\u001b[0m  \u001b[0m\u001b[0m\u001b[1m\u001b[38;5;12m--> \u001b[0m\u001b[0msrc/lib.rs:13:7\u001b[0m\n\u001b[0m   \u001b[0m\u001b[0m\u001b[1m\u001b[38;5;12m|\u001b[0m\n\u001b[0m\u001b[1m\u001b[38;5;12m13\u001b[0m\u001b[0m \u001b[0m\u001b[0m\u001b[1m\u001b[38;5;12m|\u001b[0m\u001b[0m \u001b[0m\u001b[0m    #[primarykey]\u001b[0m\n\u001b[0m   \u001b[0m\u001b[0m\u001b[1m\u001b[38;5;12m|\u001b[0m\u001b[0m       \u001b[0m\u001b[0m\u001b[1m\u001b[38;5;9m^^^^^^^^^^\u001b[0m\n\n"}
{"$message_type":"diagnostic","message":"cannot find attribute `primarykey` in this scope","code":null,"level":"error","spans":[{"file_name":"src/lib.rs","byte_start":703,"byte_end":713,"line_start":34,"line_end":34,"column_start":7,"column_end":17,"is_primary":true,"text":[{"text":"    #[primarykey]","highlight_start":7,"highlight_end":17}],"label":null,"suggested_replacement":null,"suggestion_applicability":null,"expansion":null}],"children":[],"rendered":"\u001b[0m\u001b[1m\u001b[38;5;9merror\u001b[0m\u001b[0m\u001b[1m: cannot find attribute `primarykey` in this scope\u001b[0m\n\u001b[0m  \u001b[0m\u001b[0m\u001b[1m\u001b[38;5;12m--> \u001b[0m\u001b[0msrc/lib.rs:34:7\u001b[0m\n\u001b[0m   \u001b[0m\u001b[0m\u001b[1m\u001b[38;5;12m|\u001b[0m\n\u001b[0m\u001b[1m\u001b[38;5;12m34\u001b[0m\u001b[0m \u001b[0m\u001b[0m\u001b[1m\u001b[38;5;12m|\u001b[0m\u001b[0m \u001b[0m\u001b[0m    #[primarykey]\u001b[0m\n\u001b[0m   \u001b[0m\u001b[0m\u001b[1m\u001b[38;5;12m|\u001b[0m\u001b[0m       \u001b[0m\u001b[0m\u001b[1m\u001b[38;5;9m^^^^^^^^^^\u001b[0m\n\n"}
{"$message_type":"diagnostic","message":"cannot find attribute `primarykey` in this scope","code":null,"level":"error","spans":[{"file_name":"src/lib.rs","byte_start":1068,"byte_end":1078,"line_start":50,"line_end":50,"column_start":7,"column_end":17,"is_primary":true,"text":[{"text":"    #[primarykey]","highlight_start":7,"highlight_end":17}],"label":null,"suggested_replacement":null,"suggestion_applicability":null,"expansion":null}],"children":[],"rendered":"\u001b[0m\u001b[1m\u001b[38;5;9merror\u001b[0m\u001b[0m\u001b[1m: cannot find attribute `primarykey` in this scope\u001b[0m\n\u001b[0m  \u001b[0m\u001b[0m\u001b[1m\u001b[38;5;12m--> \u001b[0m\u001b[0msrc/lib.rs:50:7\u001b[0m\n\u001b[0m   \u001b[0m\u001b[0m\u001b[1m\u001b[38;5;12m|\u001b[0m\n\u001b[0m\u001b[1m\u001b[38;5;12m50\u001b[0m\u001b[0m \u001b[0m\u001b[0m\u001b[1m\u001b[38;5;12m|\u001b[0m\u001b[0m \u001b[0m\u001b[0m    #[primarykey]\u001b[0m\n\u001b[0m   \u001b[0m\u001b[0m\u001b[1m\u001b[38;5;12m|\u001b[0m\u001b[0m       \u001b[0m\u001b[0m\u001b[1m\u001b[38;5;9m^^^^^^^^^^\u001b[0m\n\n"}
{"$message_type":"diagnostic","message":"associated type `Error` not found for `D`","code":{"code":"E0220","explanation":"The associated type used was not defined in the trait.\n\nErroneous code example:\n\n```compile_fail,E0220\ntrait T1 {\n    type Bar;\n}\n\ntype Foo = T1<F=i32>; // error: associated type `F` not found for `T1`\n\n// or:\n\ntrait T2 {\n    type Bar;\n\n    // error: Baz is used but not declared\n    fn return_bool(&self, _: &Self::Bar, _: &Self::Baz) -> bool;\n}\n```\n\nMake sure that you have defined the associated type in the trait body.\nAlso, verify that you used the right trait or you didn't misspell the\nassociated type name. Example:\n\n```\ntrait T1 {\n    type Bar;\n}\n\ntype Foo = T1<Bar=i32>; // ok!\n\n// or:\n\ntrait T2 {\n    type Bar;\n    type Baz; // we declare `Baz` in our trait.\n\n    // and now we can use it here:\n    fn return_bool(&self, _: &Self::Bar, _: &Self::Baz) -> bool;\n}\n```\n"},"level":"error","spans":[{"file_name":"src/lib.rs","byte_start":180,"byte_end":193,"line_start":10,"line_end":10,"column_start":24,"column_end":37,"is_primary":true,"text":[{"text":"#[derive(Clone, Debug, SpacetimeType)]","highlight_start":24,"highlight_end":37}],"label":"associated type `Error` not found","suggested_replacement":null,"suggestion_applicability":null,"expansion":{"span":{"file_name":"src/lib.rs","byte_start":180,"byte_end":193,"line_start":10,"line_end":10,"column_start":24,"column_end":37,"is_primary":false,"text":[{"text":"#[derive(Clone, Debug, SpacetimeType)]","highlight_start":24,"highlight_end":37}],"label":null,"suggested_replacement":null,"suggestion_applicability":null,"expansion":null},"macro_decl_name":"#[derive(SpacetimeType)]","def_site_span":{"file_name":"/Users/christophersantangelo/.cargo/registry/src/index.crates.io-1949cf8c6b5b557f/spacetimedb-bindings-macro-1.3.0/src/lib.rs","byte_start":7782,"byte_end":7841,"line_start":229,"line_end":229,"column_start":1,"column_end":60,"is_primary":false,"text":[{"text":"pub fn schema_type(input: StdTokenStream) -> StdTokenStream {","highlight_start":1,"highlight_end":60}],"label":null,"suggested_replacement":null,"suggestion_applicability":null,"expansion":null}}}],"children":[],"rendered":"\u001b[0m\u001b[1m\u001b[38;5;9merror[E0220]\u001b[0m\u001b[0m\u001b[1m: associated type `Error` not found for `D`\u001b[0m\n\u001b[0m  \u001b[0m\u001b[0m\u001b[1m\u001b[38;5;12m--> \u001b[0m\u001b[0msrc/lib.rs:10:24\u001b[0m\n\u001b[0m   \u001b[0m\u001b[0m\u001b[1m\u001b[38;5;12m|\u001b[0m\n\u001b[0m\u001b[1m\u001b[38;5;12m10\u001b[0m\u001b[0m \u001b[0m\u001b[0m\u001b[1m\u001b[38;5;12m|\u001b[0m\u001b[0m \u001b[0m\u001b[0m#[derive(Clone, Debug, SpacetimeType)]\u001b[0m\n\u001b[0m   \u001b[0m\u001b[0m\u001b[1m\u001b[38;5;12m|\u001b[0m\u001b[0m                        \u001b[0m\u001b[0m\u001b[1m\u001b[38;5;9m^^^^^^^^^^^^^\u001b[0m\u001b[0m \u001b[0m\u001b[0m\u001b[1m\u001b[38;5;9massociated type `Error` not found\u001b[0m\n\u001b[0m   \u001b[0m\u001b[0m\u001b[1m\u001b[38;5;12m|\u001b[0m\n\u001b[0m   \u001b[0m\u001b[0m\u001b[1m\u001b[38;5;12m= \u001b[0m\u001b[0m\u001b[1mnote\u001b[0m\u001b[0m: this error originates in the derive macro `SpacetimeType` (in Nightly builds, run with -Z macro-backtrace for more info)\u001b[0m\n\n"}
{"$message_type":"diagnostic","message":"ambiguous associated type","code":{"code":"E0223","explanation":"An attempt was made to retrieve an associated type, but the type was ambiguous.\n\nErroneous code example:\n\n```compile_fail,E0223\ntrait Trait { type X; }\n\nfn main() {\n    let foo: Trait::X;\n}\n```\n\nThe problem here is that we're attempting to take the associated type of `X`\nfrom `Trait`. Unfortunately, the type of `X` is not defined, because it's only\nmade concrete in implementations of the trait. A working version of this code\nmight look like:\n\n```\ntrait Trait { type X; }\n\nstruct Struct;\nimpl Trait for Struct {\n    type X = u32;\n}\n\nfn main() {\n    let foo: <Struct as Trait>::X;\n}\n```\n\nThis syntax specifies that we want the associated type `X` from `Struct`'s\nimplementation of `Trait`.\n\nDue to internal limitations of the current compiler implementation we cannot\nsimply use `Struct::X`.\n"},"level":"error","spans":[{"file_name":"src/lib.rs","byte_start":180,"byte_end":193,"line_start":10,"line_end":10,"column_start":24,"column_end":37,"is_primary":true,"text":[{"text":"#[derive(Clone, Debug, SpacetimeType)]","highlight_start":24,"highlight_end":37}],"label":null,"suggested_replacement":null,"suggestion_applicability":null,"expansion":{"span":{"file_name":"src/lib.rs","byte_start":180,"byte_end":193,"line_start":10,"line_end":10,"column_start":24,"column_end":37,"is_primary":false,"text":[{"text":"#[derive(Clone, Debug, SpacetimeType)]","highlight_start":24,"highlight_end":37}],"label":null,"suggested_replacement":null,"suggestion_applicability":null,"expansion":null},"macro_decl_name":"#[derive(SpacetimeType)]","def_site_span":{"file_name":"/Users/christophersantangelo/.cargo/registry/src/index.crates.io-1949cf8c6b5b557f/spacetimedb-bindings-macro-1.3.0/src/lib.rs","byte_start":7782,"byte_end":7841,"line_start":229,"line_end":229,"column_start":1,"column_end":60,"is_primary":false,"text":[{"text":"pub fn schema_type(input: StdTokenStream) -> StdTokenStream {","highlight_start":1,"highlight_end":60}],"label":null,"suggested_replacement":null,"suggestion_applicability":null,"expansion":null}}}],"children":[],"rendered":"\u001b[0m\u001b[1m\u001b[38;5;9merror[E0223]\u001b[0m\u001b[0m\u001b[1m: ambiguous associated type\u001b[0m\n\u001b[0m  \u001b[0m\u001b[0m\u001b[1m\u001b[38;5;12m--> \u001b[0m\u001b[0msrc/lib.rs:10:24\u001b[0m\n\u001b[0m   \u001b[0m\u001b[0m\u001b[1m\u001b[38;5;12m|\u001b[0m\n\u001b[0m\u001b[1m\u001b[38;5;12m10\u001b[0m\u001b[0m \u001b[0m\u001b[0m\u001b[1m\u001b[38;5;12m|\u001b[0m\u001b[0m \u001b[0m\u001b[0m#[derive(Clone, Debug, SpacetimeType)]\u001b[0m\n\u001b[0m   \u001b[0m\u001b[0m\u001b[1m\u001b[38;5;12m|\u001b[0m\u001b[0m                        \u001b[0m\u001b[0m\u001b[1m\u001b[38;5;9m^^^^^^^^^^^^^\u001b[0m\n\u001b[0m   \u001b[0m\u001b[0m\u001b[1m\u001b[38;5;12m|\u001b[0m\n\u001b[0m   \u001b[0m\u001b[0m\u001b[1m\u001b[38;5;12m= \u001b[0m\u001b[0m\u001b[1mnote\u001b[0m\u001b[0m: this error originates in the derive macro `SpacetimeType` (in Nightly builds, run with -Z macro-backtrace for more info)\u001b[0m\n\n"}
{"$message_type":"diagnostic","message":"associated type `Error` not found for `A`","code":{"code":"E0220","explanation":"The associated type used was not defined in the trait.\n\nErroneous code example:\n\n```compile_fail,E0220\ntrait T1 {\n    type Bar;\n}\n\ntype Foo = T1<F=i32>; // error: associated type `F` not found for `T1`\n\n// or:\n\ntrait T2 {\n    type Bar;\n\n    // error: Baz is used but not declared\n    fn return_bool(&self, _: &Self::Bar, _: &Self::Baz) -> bool;\n}\n```\n\nMake sure that you have defined the associated type in the trait body.\nAlso, verify that you used the right trait or you didn't misspell the\nassociated type name. Example:\n\n```\ntrait T1 {\n    type Bar;\n}\n\ntype Foo = T1<Bar=i32>; // ok!\n\n// or:\n\ntrait T2 {\n    type Bar;\n    type Baz; // we declare `Baz` in our trait.\n\n    // and now we can use it here:\n    fn return_bool(&self, _: &Self::Bar, _: &Self::Baz) -> bool;\n}\n```\n"},"level":"error","spans":[{"file_name":"src/lib.rs","byte_start":180,"byte_end":193,"line_start":10,"line_end":10,"column_start":24,"column_end":37,"is_primary":true,"text":[{"text":"#[derive(Clone, Debug, SpacetimeType)]","highlight_start":24,"highlight_end":37}],"label":"associated type `Error` not found","suggested_replacement":null,"suggestion_applicability":null,"expansion":{"span":{"file_name":"src/lib.rs","byte_start":180,"byte_end":193,"line_start":10,"line_end":10,"column_start":24,"column_end":37,"is_primary":false,"text":[{"text":"#[derive(Clone, Debug, SpacetimeType)]","highlight_start":24,"highlight_end":37}],"label":null,"suggested_replacement":null,"suggestion_applicability":null,"expansion":null},"macro_decl_name":"#[derive(SpacetimeType)]","def_site_span":{"file_name":"/Users/christophersantangelo/.cargo/registry/src/index.crates.io-1949cf8c6b5b557f/spacetimedb-bindings-macro-1.3.0/src/lib.rs","byte_start":7782,"byte_end":7841,"line_start":229,"line_end":229,"column_start":1,"column_end":60,"is_primary":false,"text":[{"text":"pub fn schema_type(input: StdTokenStream) -> StdTokenStream {","highlight_start":1,"highlight_end":60}],"label":null,"suggested_replacement":null,"suggestion_applicability":null,"expansion":null}}}],"children":[],"rendered":"\u001b[0m\u001b[1m\u001b[38;5;9merror[E0220]\u001b[0m\u001b[0m\u001b[1m: associated type `Error` not found for `A`\u001b[0m\n\u001b[0m  \u001b[0m\u001b[0m\u001b[1m\u001b[38;5;12m--> \u001b[0m\u001b[0msrc/lib.rs:10:24\u001b[0m\n\u001b[0m   \u001b[0m\u001b[0m\u001b[1m\u001b[38;5;12m|\u001b[0m\n\u001b[0m\u001b[1m\u001b[38;5;12m10\u001b[0m\u001b[0m \u001b[0m\u001b[0m\u001b[1m\u001b[38;5;12m|\u001b[0m\u001b[0m \u001b[0m\u001b[0m#[derive(Clone, Debug, SpacetimeType)]\u001b[0m\n\u001b[0m   \u001b[0m\u001b[0m\u001b[1m\u001b[38;5;12m|\u001b[0m\u001b[0m                        \u001b[0m\u001b[0m\u001b[1m\u001b[38;5;9m^^^^^^^^^^^^^\u001b[0m\u001b[0m \u001b[0m\u001b[0m\u001b[1m\u001b[38;5;9massociated type `Error` not found\u001b[0m\n\u001b[0m   \u001b[0m\u001b[0m\u001b[1m\u001b[38;5;12m|\u001b[0m\n\u001b[0m   \u001b[0m\u001b[0m\u001b[1m\u001b[38;5;12m= \u001b[0m\u001b[0m\u001b[1mnote\u001b[0m\u001b[0m: this error originates in the derive macro `SpacetimeType` (in Nightly builds, run with -Z macro-backtrace for more info)\u001b[0m\n\n"}
{"$message_type":"diagnostic","message":"associated type `Ok` not found for `S`","code":{"code":"E0220","explanation":"The associated type used was not defined in the trait.\n\nErroneous code example:\n\n```compile_fail,E0220\ntrait T1 {\n    type Bar;\n}\n\ntype Foo = T1<F=i32>; // error: associated type `F` not found for `T1`\n\n// or:\n\ntrait T2 {\n    type Bar;\n\n    // error: Baz is used but not declared\n    fn return_bool(&self, _: &Self::Bar, _: &Self::Baz) -> bool;\n}\n```\n\nMake sure that you have defined the associated type in the trait body.\nAlso, verify that you used the right trait or you didn't misspell the\nassociated type name. Example:\n\n```\ntrait T1 {\n    type Bar;\n}\n\ntype Foo = T1<Bar=i32>; // ok!\n\n// or:\n\ntrait T2 {\n    type Bar;\n    type Baz; // we declare `Baz` in our trait.\n\n    // and now we can use it here:\n    fn return_bool(&self, _: &Self::Bar, _: &Self::Baz) -> bool;\n}\n```\n"},"level":"error","spans":[{"file_name":"src/lib.rs","byte_start":180,"byte_end":193,"line_start":10,"line_end":10,"column_start":24,"column_end":37,"is_primary":true,"text":[{"text":"#[derive(Clone, Debug, SpacetimeType)]","highlight_start":24,"highlight_end":37}],"label":"associated type `Ok` not found","suggested_replacement":null,"suggestion_applicability":null,"expansion":{"span":{"file_name":"src/lib.rs","byte_start":180,"byte_end":193,"line_start":10,"line_end":10,"column_start":24,"column_end":37,"is_primary":false,"text":[{"text":"#[derive(Clone, Debug, SpacetimeType)]","highlight_start":24,"highlight_end":37}],"label":null,"suggested_replacement":null,"suggestion_applicability":null,"expansion":null},"macro_decl_name":"#[derive(SpacetimeType)]","def_site_span":{"file_name":"/Users/christophersantangelo/.cargo/registry/src/index.crates.io-1949cf8c6b5b557f/spacetimedb-bindings-macro-1.3.0/src/lib.rs","byte_start":7782,"byte_end":7841,"line_start":229,"line_end":229,"column_start":1,"column_end":60,"is_primary":false,"text":[{"text":"pub fn schema_type(input: StdTokenStream) -> StdTokenStream {","highlight_start":1,"highlight_end":60}],"label":null,"suggested_replacement":null,"suggestion_applicability":null,"expansion":null}}}],"children":[],"rendered":"\u001b[0m\u001b[1m\u001b[38;5;9merror[E0220]\u001b[0m\u001b[0m\u001b[1m: associated type `Ok` not found for `S`\u001b[0m\n\u001b[0m  \u001b[0m\u001b[0m\u001b[1m\u001b[38;5;12m--> \u001b[0m\u001b[0msrc/lib.rs:10:24\u001b[0m\n\u001b[0m   \u001b[0m\u001b[0m\u001b[1m\u001b[38;5;12m|\u001b[0m\n\u001b[0m\u001b[1m\u001b[38;5;12m10\u001b[0m\u001b[0m \u001b[0m\u001b[0m\u001b[1m\u001b[38;5;12m|\u001b[0m\u001b[0m \u001b[0m\u001b[0m#[derive(Clone, Debug, SpacetimeType)]\u001b[0m\n\u001b[0m   \u001b[0m\u001b[0m\u001b[1m\u001b[38;5;12m|\u001b[0m\u001b[0m                        \u001b[0m\u001b[0m\u001b[1m\u001b[38;5;9m^^^^^^^^^^^^^\u001b[0m\u001b[0m \u001b[0m\u001b[0m\u001b[1m\u001b[38;5;9massociated type `Ok` not found\u001b[0m\n\u001b[0m   \u001b[0m\u001b[0m\u001b[1m\u001b[38;5;12m|\u001b[0m\n\u001b[0m   \u001b[0m\u001b[0m\u001b[1m\u001b[38;5;12m= \u001b[0m\u001b[0m\u001b[1mnote\u001b[0m\u001b[0m: this error originates in the derive macro `SpacetimeType` (in Nightly builds, run with -Z macro-backtrace for more info)\u001b[0m\n\n"}
{"$message_type":"diagnostic","message":"associated type `Error` not found for `S`","code":{"code":"E0220","explanation":"The associated type used was not defined in the trait.\n\nErroneous code example:\n\n```compile_fail,E0220\ntrait T1 {\n    type Bar;\n}\n\ntype Foo = T1<F=i32>; // error: associated type `F` not found for `T1`\n\n// or:\n\ntrait T2 {\n    type Bar;\n\n    // error: Baz is used but not declared\n    fn return_bool(&self, _: &Self::Bar, _: &Self::Baz) -> bool;\n}\n```\n\nMake sure that you have defined the associated type in the trait body.\nAlso, verify that you used the right trait or you didn't misspell the\nassociated type name. Example:\n\n```\ntrait T1 {\n    type Bar;\n}\n\ntype Foo = T1<Bar=i32>; // ok!\n\n// or:\n\ntrait T2 {\n    type Bar;\n    type Baz; // we declare `Baz` in our trait.\n\n    // and now we can use it here:\n    fn return_bool(&self, _: &Self::Bar, _: &Self::Baz) -> bool;\n}\n```\n"},"level":"error","spans":[{"file_name":"src/lib.rs","byte_start":180,"byte_end":193,"line_start":10,"line_end":10,"column_start":24,"column_end":37,"is_primary":true,"text":[{"text":"#[derive(Clone, Debug, SpacetimeType)]","highlight_start":24,"highlight_end":37}],"label":"associated type `Error` not found","suggested_replacement":null,"suggestion_applicability":null,"expansion":{"span":{"file_name":"src/lib.rs","byte_start":180,"byte_end":193,"line_start":10,"line_end":10,"column_start":24,"column_end":37,"is_primary":false,"text":[{"text":"#[derive(Clone, Debug, SpacetimeType)]","highlight_start":24,"highlight_end":37}],"label":null,"suggested_replacement":null,"suggestion_applicability":null,"expansion":null},"macro_decl_name":"#[derive(SpacetimeType)]","def_site_span":{"file_name":"/Users/christophersantangelo/.cargo/registry/src/index.crates.io-1949cf8c6b5b557f/spacetimedb-bindings-macro-1.3.0/src/lib.rs","byte_start":7782,"byte_end":7841,"line_start":229,"line_end":229,"column_start":1,"column_end":60,"is_primary":false,"text":[{"text":"pub fn schema_type(input: StdTokenStream) -> StdTokenStream {","highlight_start":1,"highlight_end":60}],"label":null,"suggested_replacement":null,"suggestion_applicability":null,"expansion":null}}}],"children":[],"rendered":"\u001b[0m\u001b[1m\u001b[38;5;9merror[E0220]\u001b[0m\u001b[0m\u001b[1m: associated type `Error` not found for `S`\u001b[0m\n\u001b[0m  \u001b[0m\u001b[0m\u001b[1m\u001b[38;5;12m--> \u001b[0m\u001b[0msrc/lib.rs:10:24\u001b[0m\n\u001b[0m   \u001b[0m\u001b[0m\u001b[1m\u001b[38;5;12m|\u001b[0m\n\u001b[0m\u001b[1m\u001b[38;5;12m10\u001b[0m\u001b[0m \u001b[0m\u001b[0m\u001b[1m\u001b[38;5;12m|\u001b[0m\u001b[0m \u001b[0m\u001b[0m#[derive(Clone, Debug, SpacetimeType)]\u001b[0m\n\u001b[0m   \u001b[0m\u001b[0m\u001b[1m\u001b[38;5;12m|\u001b[0m\u001b[0m                        \u001b[0m\u001b[0m\u001b[1m\u001b[38;5;9m^^^^^^^^^^^^^\u001b[0m\u001b[0m \u001b[0m\u001b[0m\u001b[1m\u001b[38;5;9massociated type `Error` not found\u001b[0m\n\u001b[0m   \u001b[0m\u001b[0m\u001b[1m\u001b[38;5;12m|\u001b[0m\n\u001b[0m   \u001b[0m\u001b[0m\u001b[1m\u001b[38;5;12m= \u001b[0m\u001b[0m\u001b[1mnote\u001b[0m\u001b[0m: this error originates in the derive macro `SpacetimeType` (in Nightly builds, run with -Z macro-backtrace for more info)\u001b[0m\n\n"}
{"$message_type":"diagnostic","message":"associated type `Error` not found for `D`","code":{"code":"E0220","explanation":"The associated type used was not defined in the trait.\n\nErroneous code example:\n\n```compile_fail,E0220\ntrait T1 {\n    type Bar;\n}\n\ntype Foo = T1<F=i32>; // error: associated type `F` not found for `T1`\n\n// or:\n\ntrait T2 {\n    type Bar;\n\n    // error: Baz is used but not declared\n    fn return_bool(&self, _: &Self::Bar, _: &Self::Baz) -> bool;\n}\n```\n\nMake sure that you have defined the associated type in the trait body.\nAlso, verify that you used the right trait or you didn't misspell the\nassociated type name. Example:\n\n```\ntrait T1 {\n    type Bar;\n}\n\ntype Foo = T1<Bar=i32>; // ok!\n\n// or:\n\ntrait T2 {\n    type Bar;\n    type Baz; // we declare `Baz` in our trait.\n\n    // and now we can use it here:\n    fn return_bool(&self, _: &Self::Bar, _: &Self::Baz) -> bool;\n}\n```\n"},"level":"error","spans":[{"file_name":"src/lib.rs","byte_start":641,"byte_end":654,"line_start":31,"line_end":31,"column_start":24,"column_end":37,"is_primary":true,"text":[{"text":"#[derive(Clone, Debug, SpacetimeType)]","highlight_start":24,"highlight_end":37}],"label":"associated type `Error` not found","suggested_replacement":null,"suggestion_applicability":null,"expansion":{"span":{"file_name":"src/lib.rs","byte_start":641,"byte_end":654,"line_start":31,"line_end":31,"column_start":24,"column_end":37,"is_primary":false,"text":[{"text":"#[derive(Clone, Debug, SpacetimeType)]","highlight_start":24,"highlight_end":37}],"label":null,"suggested_replacement":null,"suggestion_applicability":null,"expansion":null},"macro_decl_name":"#[derive(SpacetimeType)]","def_site_span":{"file_name":"/Users/christophersantangelo/.cargo/registry/src/index.crates.io-1949cf8c6b5b557f/spacetimedb-bindings-macro-1.3.0/src/lib.rs","byte_start":7782,"byte_end":7841,"line_start":229,"line_end":229,"column_start":1,"column_end":60,"is_primary":false,"text":[{"text":"pub fn schema_type(input: StdTokenStream) -> StdTokenStream {","highlight_start":1,"highlight_end":60}],"label":null,"suggested_replacement":null,"suggestion_applicability":null,"expansion":null}}}],"children":[],"rendered":"\u001b[0m\u001b[1m\u001b[38;5;9merror[E0220]\u001b[0m\u001b[0m\u001b[1m: associated type `Error` not found for `D`\u001b[0m\n\u001b[0m  \u001b[0m\u001b[0m\u001b[1m\u001b[38;5;12m--> \u001b[0m\u001b[0msrc/lib.rs:31:24\u001b[0m\n\u001b[0m   \u001b[0m\u001b[0m\u001b[1m\u001b[38;5;12m|\u001b[0m\n\u001b[0m\u001b[1m\u001b[38;5;12m31\u001b[0m\u001b[0m \u001b[0m\u001b[0m\u001b[1m\u001b[38;5;12m|\u001b[0m\u001b[0m \u001b[0m\u001b[0m#[derive(Clone, Debug, SpacetimeType)]\u001b[0m\n\u001b[0m   \u001b[0m\u001b[0m\u001b[1m\u001b[38;5;12m|\u001b[0m\u001b[0m                        \u001b[0m\u001b[0m\u001b[1m\u001b[38;5;9m^^^^^^^^^^^^^\u001b[0m\u001b[0m \u001b[0m\u001b[0m\u001b[1m\u001b[38;5;9massociated type `Error` not found\u001b[0m\n\u001b[0m   \u001b[0m\u001b[0m\u001b[1m\u001b[38;5;12m|\u001b[0m\n\u001b[0m   \u001b[0m\u001b[0m\u001b[1m\u001b[38;5;12m= \u001b[0m\u001b[0m\u001b[1mnote\u001b[0m\u001b[0m: this error originates in the derive macro `SpacetimeType` (in Nightly builds, run with -Z macro-backtrace for more info)\u001b[0m\n\n"}
{"$message_type":"diagnostic","message":"ambiguous associated type","code":{"code":"E0223","explanation":"An attempt was made to retrieve an associated type, but the type was ambiguous.\n\nErroneous code example:\n\n```compile_fail,E0223\ntrait Trait { type X; }\n\nfn main() {\n    let foo: Trait::X;\n}\n```\n\nThe problem here is that we're attempting to take the associated type of `X`\nfrom `Trait`. Unfortunately, the type of `X` is not defined, because it's only\nmade concrete in implementations of the trait. A working version of this code\nmight look like:\n\n```\ntrait Trait { type X; }\n\nstruct Struct;\nimpl Trait for Struct {\n    type X = u32;\n}\n\nfn main() {\n    let foo: <Struct as Trait>::X;\n}\n```\n\nThis syntax specifies that we want the associated type `X` from `Struct`'s\nimplementation of `Trait`.\n\nDue to internal limitations of the current compiler implementation we cannot\nsimply use `Struct::X`.\n"},"level":"error","spans":[{"file_name":"src/lib.rs","byte_start":641,"byte_end":654,"line_start":31,"line_end":31,"column_start":24,"column_end":37,"is_primary":true,"text":[{"text":"#[derive(Clone, Debug, SpacetimeType)]","highlight_start":24,"highlight_end":37}],"label":null,"suggested_replacement":null,"suggestion_applicability":null,"expansion":{"span":{"file_name":"src/lib.rs","byte_start":641,"byte_end":654,"line_start":31,"line_end":31,"column_start":24,"column_end":37,"is_primary":false,"text":[{"text":"#[derive(Clone, Debug, SpacetimeType)]","highlight_start":24,"highlight_end":37}],"label":null,"suggested_replacement":null,"suggestion_applicability":null,"expansion":null},"macro_decl_name":"#[derive(SpacetimeType)]","def_site_span":{"file_name":"/Users/christophersantangelo/.cargo/registry/src/index.crates.io-1949cf8c6b5b557f/spacetimedb-bindings-macro-1.3.0/src/lib.rs","byte_start":7782,"byte_end":7841,"line_start":229,"line_end":229,"column_start":1,"column_end":60,"is_primary":false,"text":[{"text":"pub fn schema_type(input: StdTokenStream) -> StdTokenStream {","highlight_start":1,"highlight_end":60}],"label":null,"suggested_replacement":null,"suggestion_applicability":null,"expansion":null}}}],"children":[],"rendered":"\u001b[0m\u001b[1m\u001b[38;5;9merror[E0223]\u001b[0m\u001b[0m\u001b[1m: ambiguous associated type\u001b[0m\n\u001b[0m  \u001b[0m\u001b[0m\u001b[1m\u001b[38;5;12m--> \u001b[0m\u001b[0msrc/lib.rs:31:24\u001b[0m\n\u001b[0m   \u001b[0m\u001b[0m\u001b[1m\u001b[38;5;12m|\u001b[0m\n\u001b[0m\u001b[1m\u001b[38;5;12m31\u001b[0m\u001b[0m \u001b[0m\u001b[0m\u001b[1m\u001b[38;5;12m|\u001b[0m\u001b[0m \u001b[0m\u001b[0m#[derive(Clone, Debug, SpacetimeType)]\u001b[0m\n\u001b[0m   \u001b[0m\u001b[0m\u001b[1m\u001b[38;5;12m|\u001b[0m\u001b[0m                        \u001b[0m\u001b[0m\u001b[1m\u001b[38;5;9m^^^^^^^^^^^^^\u001b[0m\n\u001b[0m   \u001b[0m\u001b[0m\u001b[1m\u001b[38;5;12m|\u001b[0m\n\u001b[0m   \u001b[0m\u001b[0m\u001b[1m\u001b[38;5;12m= \u001b[0m\u001b[0m\u001b[1mnote\u001b[0m\u001b[0m: this error originates in the derive macro `SpacetimeType` (in Nightly builds, run with -Z macro-backtrace for more info)\u001b[0m\n\n"}
{"$message_type":"diagnostic","message":"associated type `Error` not found for `A`","code":{"code":"E0220","explanation":"The associated type used was not defined in the trait.\n\nErroneous code example:\n\n```compile_fail,E0220\ntrait T1 {\n    type Bar;\n}\n\ntype Foo = T1<F=i32>; // error: associated type `F` not found for `T1`\n\n// or:\n\ntrait T2 {\n    type Bar;\n\n    // error: Baz is used but not declared\n    fn return_bool(&self, _: &Self::Bar, _: &Self::Baz) -> bool;\n}\n```\n\nMake sure that you have defined the associated type in the trait body.\nAlso, verify that you used the right trait or you didn't misspell the\nassociated type name. Example:\n\n```\ntrait T1 {\n    type Bar;\n}\n\ntype Foo = T1<Bar=i32>; // ok!\n\n// or:\n\ntrait T2 {\n    type Bar;\n    type Baz; // we declare `Baz` in our trait.\n\n    // and now we can use it here:\n    fn return_bool(&self, _: &Self::Bar, _: &Self::Baz) -> bool;\n}\n```\n"},"level":"error","spans":[{"file_name":"src/lib.rs","byte_start":641,"byte_end":654,"line_start":31,"line_end":31,"column_start":24,"column_end":37,"is_primary":true,"text":[{"text":"#[derive(Clone, Debug, SpacetimeType)]","highlight_start":24,"highlight_end":37}],"label":"associated type `Error` not found","suggested_replacement":null,"suggestion_applicability":null,"expansion":{"span":{"file_name":"src/lib.rs","byte_start":641,"byte_end":654,"line_start":31,"line_end":31,"column_start":24,"column_end":37,"is_primary":false,"text":[{"text":"#[derive(Clone, Debug, SpacetimeType)]","highlight_start":24,"highlight_end":37}],"label":null,"suggested_replacement":null,"suggestion_applicability":null,"expansion":null},"macro_decl_name":"#[derive(SpacetimeType)]","def_site_span":{"file_name":"/Users/christophersantangelo/.cargo/registry/src/index.crates.io-1949cf8c6b5b557f/spacetimedb-bindings-macro-1.3.0/src/lib.rs","byte_start":7782,"byte_end":7841,"line_start":229,"line_end":229,"column_start":1,"column_end":60,"is_primary":false,"text":[{"text":"pub fn schema_type(input: StdTokenStream) -> StdTokenStream {","highlight_start":1,"highlight_end":60}],"label":null,"suggested_replacement":null,"suggestion_applicability":null,"expansion":null}}}],"children":[],"rendered":"\u001b[0m\u001b[1m\u001b[38;5;9merror[E0220]\u001b[0m\u001b[0m\u001b[1m: associated type `Error` not found for `A`\u001b[0m\n\u001b[0m  \u001b[0m\u001b[0m\u001b[1m\u001b[38;5;12m--> \u001b[0m\u001b[0msrc/lib.rs:31:24\u001b[0m\n\u001b[0m   \u001b[0m\u001b[0m\u001b[1m\u001b[38;5;12m|\u001b[0m\n\u001b[0m\u001b[1m\u001b[38;5;12m31\u001b[0m\u001b[0m \u001b[0m\u001b[0m\u001b[1m\u001b[38;5;12m|\u001b[0m\u001b[0m \u001b[0m\u001b[0m#[derive(Clone, Debug, SpacetimeType)]\u001b[0m\n\u001b[0m   \u001b[0m\u001b[0m\u001b[1m\u001b[38;5;12m|\u001b[0m\u001b[0m                        \u001b[0m\u001b[0m\u001b[1m\u001b[38;5;9m^^^^^^^^^^^^^\u001b[0m\u001b[0m \u001b[0m\u001b[0m\u001b[1m\u001b[38;5;9massociated type `Error` not found\u001b[0m\n\u001b[0m   \u001b[0m\u001b[0m\u001b[1m\u001b[38;5;12m|\u001b[0m\n\u001b[0m   \u001b[0m\u001b[0m\u001b[1m\u001b[38;5;12m= \u001b[0m\u001b[0m\u001b[1mnote\u001b[0m\u001b[0m: this error originates in the derive macro `SpacetimeType` (in Nightly builds, run with -Z macro-backtrace for more info)\u001b[0m\n\n"}
{"$message_type":"diagnostic","message":"associated type `Ok` not found for `S`","code":{"code":"E0220","explanation":"The associated type used was not defined in the trait.\n\nErroneous code example:\n\n```compile_fail,E0220\ntrait T1 {\n    type Bar;\n}\n\ntype Foo = T1<F=i32>; // error: associated type `F` not found for `T1`\n\n// or:\n\ntrait T2 {\n    type Bar;\n\n    // error: Baz is used but not declared\n    fn return_bool(&self, _: &Self::Bar, _: &Self::Baz) -> bool;\n}\n```\n\nMake sure that you have defined the associated type in the trait body.\nAlso, verify that you used the right trait or you didn't misspell the\nassociated type name. Example:\n\n```\ntrait T1 {\n    type Bar;\n}\n\ntype Foo = T1<Bar=i32>; // ok!\n\n// or:\n\ntrait T2 {\n    type Bar;\n    type Baz; // we declare `Baz` in our trait.\n\n    // and now we can use it here:\n    fn return_bool(&self, _: &Self::Bar, _: &Self::Baz) -> bool;\n}\n```\n"},"level":"error","spans":[{"file_name":"src/lib.rs","byte_start":641,"byte_end":654,"line_start":31,"line_end":31,"column_start":24,"column_end":37,"is_primary":true,"text":[{"text":"#[derive(Clone, Debug, SpacetimeType)]","highlight_start":24,"highlight_end":37}],"label":"associated type `Ok` not found","suggested_replacement":null,"suggestion_applicability":null,"expansion":{"span":{"file_name":"src/lib.rs","byte_start":641,"byte_end":654,"line_start":31,"line_end":31,"column_start":24,"column_end":37,"is_primary":false,"text":[{"text":"#[derive(Clone, Debug, SpacetimeType)]","highlight_start":24,"highlight_end":37}],"label":null,"suggested_replacement":null,"suggestion_applicability":null,"expansion":null},"macro_decl_name":"#[derive(SpacetimeType)]","def_site_span":{"file_name":"/Users/christophersantangelo/.cargo/registry/src/index.crates.io-1949cf8c6b5b557f/spacetimedb-bindings-macro-1.3.0/src/lib.rs","byte_start":7782,"byte_end":7841,"line_start":229,"line_end":229,"column_start":1,"column_end":60,"is_primary":false,"text":[{"text":"pub fn schema_type(input: StdTokenStream) -> StdTokenStream {","highlight_start":1,"highlight_end":60}],"label":null,"suggested_replacement":null,"suggestion_applicability":null,"expansion":null}}}],"children":[],"rendered":"\u001b[0m\u001b[1m\u001b[38;5;9merror[E0220]\u001b[0m\u001b[0m\u001b[1m: associated type `Ok` not found for `S`\u001b[0m\n\u001b[0m  \u001b[0m\u001b[0m\u001b[1m\u001b[38;5;12m--> \u001b[0m\u001b[0msrc/lib.rs:31:24\u001b[0m\n\u001b[0m   \u001b[0m\u001b[0m\u001b[1m\u001b[38;5;12m|\u001b[0m\n\u001b[0m\u001b[1m\u001b[38;5;12m31\u001b[0m\u001b[0m \u001b[0m\u001b[0m\u001b[1m\u001b[38;5;12m|\u001b[0m\u001b[0m \u001b[0m\u001b[0m#[derive(Clone, Debug, SpacetimeType)]\u001b[0m\n\u001b[0m   \u001b[0m\u001b[0m\u001b[1m\u001b[38;5;12m|\u001b[0m\u001b[0m                        \u001b[0m\u001b[0m\u001b[1m\u001b[38;5;9m^^^^^^^^^^^^^\u001b[0m\u001b[0m \u001b[0m\u001b[0m\u001b[1m\u001b[38;5;9massociated type `Ok` not found\u001b[0m\n\u001b[0m   \u001b[0m\u001b[0m\u001b[1m\u001b[38;5;12m|\u001b[0m\n\u001b[0m   \u001b[0m\u001b[0m\u001b[1m\u001b[38;5;12m= \u001b[0m\u001b[0m\u001b[1mnote\u001b[0m\u001b[0m: this error originates in the derive macro `SpacetimeType` (in Nightly builds, run with -Z macro-backtrace for more info)\u001b[0m\n\n"}
{"$message_type":"diagnostic","message":"associated type `Error` not found for `S`","code":{"code":"E0220","explanation":"The associated type used was not defined in the trait.\n\nErroneous code example:\n\n```compile_fail,E0220\ntrait T1 {\n    type Bar;\n}\n\ntype Foo = T1<F=i32>; // error: associated type `F` not found for `T1`\n\n// or:\n\ntrait T2 {\n    type Bar;\n\n    // error: Baz is used but not declared\n    fn return_bool(&self, _: &Self::Bar, _: &Self::Baz) -> bool;\n}\n```\n\nMake sure that you have defined the associated type in the trait body.\nAlso, verify that you used the right trait or you didn't misspell the\nassociated type name. Example:\n\n```\ntrait T1 {\n    type Bar;\n}\n\ntype Foo = T1<Bar=i32>; // ok!\n\n// or:\n\ntrait T2 {\n    type Bar;\n    type Baz; // we declare `Baz` in our trait.\n\n    // and now we can use it here:\n    fn return_bool(&self, _: &Self::Bar, _: &Self::Baz) -> bool;\n}\n```\n"},"level":"error","spans":[{"file_name":"src/lib.rs","byte_start":641,"byte_end":654,"line_start":31,"line_end":31,"column_start":24,"column_end":37,"is_primary":true,"text":[{"text":"#[derive(Clone, Debug, SpacetimeType)]","highlight_start":24,"highlight_end":37}],"label":"associated type `Error` not found","suggested_replacement":null,"suggestion_applicability":null,"expansion":{"span":{"file_name":"src/lib.rs","byte_start":641,"byte_end":654,"line_start":31,"line_end":31,"column_start":24,"column_end":37,"is_primary":false,"text":[{"text":"#[derive(Clone, Debug, SpacetimeType)]","highlight_start":24,"highlight_end":37}],"label":null,"suggested_replacement":null,"suggestion_applicability":null,"expansion":null},"macro_decl_name":"#[derive(SpacetimeType)]","def_site_span":{"file_name":"/Users/christophersantangelo/.cargo/registry/src/index.crates.io-1949cf8c6b5b557f/spacetimedb-bindings-macro-1.3.0/src/lib.rs","byte_start":7782,"byte_end":7841,"line_start":229,"line_end":229,"column_start":1,"column_end":60,"is_primary":false,"text":[{"text":"pub fn schema_type(input: StdTokenStream) -> StdTokenStream {","highlight_start":1,"highlight_end":60}],"label":null,"suggested_replacement":null,"suggestion_applicability":null,"expansion":null}}}],"children":[],"rendered":"\u001b[0m\u001b[1m\u001b[38;5;9merror[E0220]\u001b[0m\u001b[0m\u001b[1m: associated type `Error` not found for `S`\u001b[0m\n\u001b[0m  \u001b[0m\u001b[0m\u001b[1m\u001b[38;5;12m--> \u001b[0m\u001b[0msrc/lib.rs:31:24\u001b[0m\n\u001b[0m   \u001b[0m\u001b[0m\u001b[1m\u001b[38;5;12m|\u001b[0m\n\u001b[0m\u001b[1m\u001b[38;5;12m31\u001b[0m\u001b[0m \u001b[0m\u001b[0m\u001b[1m\u001b[38;5;12m|\u001b[0m\u001b[0m \u001b[0m\u001b[0m#[derive(Clone, Debug, SpacetimeType)]\u001b[0m\n\u001b[0m   \u001b[0m\u001b[0m\u001b[1m\u001b[38;5;12m|\u001b[0m\u001b[0m                        \u001b[0m\u001b[0m\u001b[1m\u001b[38;5;9m^^^^^^^^^^^^^\u001b[0m\u001b[0m \u001b[0m\u001b[0m\u001b[1m\u001b[38;5;9massociated type `Error` not found\u001b[0m\n\u001b[0m   \u001b[0m\u001b[0m\u001b[1m\u001b[38;5;12m|\u001b[0m\n\u001b[0m   \u001b[0m\u001b[0m\u001b[1m\u001b[38;5;12m= \u001b[0m\u001b[0m\u001b[1mnote\u001b[0m\u001b[0m: this error originates in the derive macro `SpacetimeType` (in Nightly builds, run with -Z macro-backtrace for more info)\u001b[0m\n\n"}
{"$message_type":"diagnostic","message":"associated type `Error` not found for `D`","code":{"code":"E0220","explanation":"The associated type used was not defined in the trait.\n\nErroneous code example:\n\n```compile_fail,E0220\ntrait T1 {\n    type Bar;\n}\n\ntype Foo = T1<F=i32>; // error: associated type `F` not found for `T1`\n\n// or:\n\ntrait T2 {\n    type Bar;\n\n    // error: Baz is used but not declared\n    fn return_bool(&self, _: &Self::Bar, _: &Self::Baz) -> bool;\n}\n```\n\nMake sure that you have defined the associated type in the trait body.\nAlso, verify that you used the right trait or you didn't misspell the\nassociated type name. Example:\n\n```\ntrait T1 {\n    type Bar;\n}\n\ntype Foo = T1<Bar=i32>; // ok!\n\n// or:\n\ntrait T2 {\n    type Bar;\n    type Baz; // we declare `Baz` in our trait.\n\n    // and now we can use it here:\n    fn return_bool(&self, _: &Self::Bar, _: &Self::Baz) -> bool;\n}\n```\n"},"level":"error","spans":[{"file_name":"src/lib.rs","byte_start":999,"byte_end":1012,"line_start":47,"line_end":47,"column_start":24,"column_end":37,"is_primary":true,"text":[{"text":"#[derive(Clone, Debug, SpacetimeType)]","highlight_start":24,"highlight_end":37}],"label":"associated type `Error` not found","suggested_replacement":null,"suggestion_applicability":null,"expansion":{"span":{"file_name":"src/lib.rs","byte_start":999,"byte_end":1012,"line_start":47,"line_end":47,"column_start":24,"column_end":37,"is_primary":false,"text":[{"text":"#[derive(Clone, Debug, SpacetimeType)]","highlight_start":24,"highlight_end":37}],"label":null,"suggested_replacement":null,"suggestion_applicability":null,"expansion":null},"macro_decl_name":"#[derive(SpacetimeType)]","def_site_span":{"file_name":"/Users/christophersantangelo/.cargo/registry/src/index.crates.io-1949cf8c6b5b557f/spacetimedb-bindings-macro-1.3.0/src/lib.rs","byte_start":7782,"byte_end":7841,"line_start":229,"line_end":229,"column_start":1,"column_end":60,"is_primary":false,"text":[{"text":"pub fn schema_type(input: StdTokenStream) -> StdTokenStream {","highlight_start":1,"highlight_end":60}],"label":null,"suggested_replacement":null,"suggestion_applicability":null,"expansion":null}}}],"children":[],"rendered":"\u001b[0m\u001b[1m\u001b[38;5;9merror[E0220]\u001b[0m\u001b[0m\u001b[1m: associated type `Error` not found for `D`\u001b[0m\n\u001b[0m  \u001b[0m\u001b[0m\u001b[1m\u001b[38;5;12m--> \u001b[0m\u001b[0msrc/lib.rs:47:24\u001b[0m\n\u001b[0m   \u001b[0m\u001b[0m\u001b[1m\u001b[38;5;12m|\u001b[0m\n\u001b[0m\u001b[1m\u001b[38;5;12m47\u001b[0m\u001b[0m \u001b[0m\u001b[0m\u001b[1m\u001b[38;5;12m|\u001b[0m\u001b[0m \u001b[0m\u001b[0m#[derive(Clone, Debug, SpacetimeType)]\u001b[0m\n\u001b[0m   \u001b[0m\u001b[0m\u001b[1m\u001b[38;5;12m|\u001b[0m\u001b[0m                        \u001b[0m\u001b[0m\u001b[1m\u001b[38;5;9m^^^^^^^^^^^^^\u001b[0m\u001b[0m \u001b[0m\u001b[0m\u001b[1m\u001b[38;5;9massociated type `Error` not found\u001b[0m\n\u001b[0m   \u001b[0m\u001b[0m\u001b[1m\u001b[38;5;12m|\u001b[0m\n\u001b[0m   \u001b[0m\u001b[0m\u001b[1m\u001b[38;5;12m= \u001b[0m\u001b[0m\u001b[1mnote\u001b[0m\u001b[0m: this error originates in the derive macro `SpacetimeType` (in Nightly builds, run with -Z macro-backtrace for more info)\u001b[0m\n\n"}
{"$message_type":"diagnostic","message":"ambiguous associated type","code":{"code":"E0223","explanation":"An attempt was made to retrieve an associated type, but the type was ambiguous.\n\nErroneous code example:\n\n```compile_fail,E0223\ntrait Trait { type X; }\n\nfn main() {\n    let foo: Trait::X;\n}\n```\n\nThe problem here is that we're attempting to take the associated type of `X`\nfrom `Trait`. Unfortunately, the type of `X` is not defined, because it's only\nmade concrete in implementations of the trait. A working version of this code\nmight look like:\n\n```\ntrait Trait { type X; }\n\nstruct Struct;\nimpl Trait for Struct {\n    type X = u32;\n}\n\nfn main() {\n    let foo: <Struct as Trait>::X;\n}\n```\n\nThis syntax specifies that we want the associated type `X` from `Struct`'s\nimplementation of `Trait`.\n\nDue to internal limitations of the current compiler implementation we cannot\nsimply use `Struct::X`.\n"},"level":"error","spans":[{"file_name":"src/lib.rs","byte_start":999,"byte_end":1012,"line_start":47,"line_end":47,"column_start":24,"column_end":37,"is_primary":true,"text":[{"text":"#[derive(Clone, Debug, SpacetimeType)]","highlight_start":24,"highlight_end":37}],"label":null,"suggested_replacement":null,"suggestion_applicability":null,"expansion":{"span":{"file_name":"src/lib.rs","byte_start":999,"byte_end":1012,"line_start":47,"line_end":47,"column_start":24,"column_end":37,"is_primary":false,"text":[{"text":"#[derive(Clone, Debug, SpacetimeType)]","highlight_start":24,"highlight_end":37}],"label":null,"suggested_replacement":null,"suggestion_applicability":null,"expansion":null},"macro_decl_name":"#[derive(SpacetimeType)]","def_site_span":{"file_name":"/Users/christophersantangelo/.cargo/registry/src/index.crates.io-1949cf8c6b5b557f/spacetimedb-bindings-macro-1.3.0/src/lib.rs","byte_start":7782,"byte_end":7841,"line_start":229,"line_end":229,"column_start":1,"column_end":60,"is_primary":false,"text":[{"text":"pub fn schema_type(input: StdTokenStream) -> StdTokenStream {","highlight_start":1,"highlight_end":60}],"label":null,"suggested_replacement":null,"suggestion_applicability":null,"expansion":null}}}],"children":[],"rendered":"\u001b[0m\u001b[1m\u001b[38;5;9merror[E0223]\u001b[0m\u001b[0m\u001b[1m: ambiguous associated type\u001b[0m\n\u001b[0m  \u001b[0m\u001b[0m\u001b[1m\u001b[38;5;12m--> \u001b[0m\u001b[0msrc/lib.rs:47:24\u001b[0m\n\u001b[0m   \u001b[0m\u001b[0m\u001b[1m\u001b[38;5;12m|\u001b[0m\n\u001b[0m\u001b[1m\u001b[38;5;12m47\u001b[0m\u001b[0m \u001b[0m\u001b[0m\u001b[1m\u001b[38;5;12m|\u001b[0m\u001b[0m \u001b[0m\u001b[0m#[derive(Clone, Debug, SpacetimeType)]\u001b[0m\n\u001b[0m   \u001b[0m\u001b[0m\u001b[1m\u001b[38;5;12m|\u001b[0m\u001b[0m                        \u001b[0m\u001b[0m\u001b[1m\u001b[38;5;9m^^^^^^^^^^^^^\u001b[0m\n\u001b[0m   \u001b[0m\u001b[0m\u001b[1m\u001b[38;5;12m|\u001b[0m\n\u001b[0m   \u001b[0m\u001b[0m\u001b[1m\u001b[38;5;12m= \u001b[0m\u001b[0m\u001b[1mnote\u001b[0m\u001b[0m: this error originates in the derive macro `SpacetimeType` (in Nightly builds, run with -Z macro-backtrace for more info)\u001b[0m\n\n"}
{"$message_type":"diagnostic","message":"associated type `Error` not found for `A`","code":{"code":"E0220","explanation":"The associated type used was not defined in the trait.\n\nErroneous code example:\n\n```compile_fail,E0220\ntrait T1 {\n    type Bar;\n}\n\ntype Foo = T1<F=i32>; // error: associated type `F` not found for `T1`\n\n// or:\n\ntrait T2 {\n    type Bar;\n\n    // error: Baz is used but not declared\n    fn return_bool(&self, _: &Self::Bar, _: &Self::Baz) -> bool;\n}\n```\n\nMake sure that you have defined the associated type in the trait body.\nAlso, verify that you used the right trait or you didn't misspell the\nassociated type name. Example:\n\n```\ntrait T1 {\n    type Bar;\n}\n\ntype Foo = T1<Bar=i32>; // ok!\n\n// or:\n\ntrait T2 {\n    type Bar;\n    type Baz; // we declare `Baz` in our trait.\n\n    // and now we can use it here:\n    fn return_bool(&self, _: &Self::Bar, _: &Self::Baz) -> bool;\n}\n```\n"},"level":"error","spans":[{"file_name":"src/lib.rs","byte_start":999,"byte_end":1012,"line_start":47,"line_end":47,"column_start":24,"column_end":37,"is_primary":true,"text":[{"text":"#[derive(Clone, Debug, SpacetimeType)]","highlight_start":24,"highlight_end":37}],"label":"associated type `Error` not found","suggested_replacement":null,"suggestion_applicability":null,"expansion":{"span":{"file_name":"src/lib.rs","byte_start":999,"byte_end":1012,"line_start":47,"line_end":47,"column_start":24,"column_end":37,"is_primary":false,"text":[{"text":"#[derive(Clone, Debug, SpacetimeType)]","highlight_start":24,"highlight_end":37}],"label":null,"suggested_replacement":null,"suggestion_applicability":null,"expansion":null},"macro_decl_name":"#[derive(SpacetimeType)]","def_site_span":{"file_name":"/Users/christophersantangelo/.cargo/registry/src/index.crates.io-1949cf8c6b5b557f/spacetimedb-bindings-macro-1.3.0/src/lib.rs","byte_start":7782,"byte_end":7841,"line_start":229,"line_end":229,"column_start":1,"column_end":60,"is_primary":false,"text":[{"text":"pub fn schema_type(input: StdTokenStream) -> StdTokenStream {","highlight_start":1,"highlight_end":60}],"label":null,"suggested_replacement":null,"suggestion_applicability":null,"expansion":null}}}],"children":[],"rendered":"\u001b[0m\u001b[1m\u001b[38;5;9merror[E0220]\u001b[0m\u001b[0m\u001b[1m: associated type `Error` not found for `A`\u001b[0m\n\u001b[0m  \u001b[0m\u001b[0m\u001b[1m\u001b[38;5;12m--> \u001b[0m\u001b[0msrc/lib.rs:47:24\u001b[0m\n\u001b[0m   \u001b[0m\u001b[0m\u001b[1m\u001b[38;5;12m|\u001b[0m\n\u001b[0m\u001b[1m\u001b[38;5;12m47\u001b[0m\u001b[0m \u001b[0m\u001b[0m\u001b[1m\u001b[38;5;12m|\u001b[0m\u001b[0m \u001b[0m\u001b[0m#[derive(Clone, Debug, SpacetimeType)]\u001b[0m\n\u001b[0m   \u001b[0m\u001b[0m\u001b[1m\u001b[38;5;12m|\u001b[0m\u001b[0m                        \u001b[0m\u001b[0m\u001b[1m\u001b[38;5;9m^^^^^^^^^^^^^\u001b[0m\u001b[0m \u001b[0m\u001b[0m\u001b[1m\u001b[38;5;9massociated type `Error` not found\u001b[0m\n\u001b[0m   \u001b[0m\u001b[0m\u001b[1m\u001b[38;5;12m|\u001b[0m\n\u001b[0m   \u001b[0m\u001b[0m\u001b[1m\u001b[38;5;12m= \u001b[0m\u001b[0m\u001b[1mnote\u001b[0m\u001b[0m: this error originates in the derive macro `SpacetimeType` (in Nightly builds, run with -Z macro-backtrace for more info)\u001b[0m\n\n"}
{"$message_type":"diagnostic","message":"associated type `Ok` not found for `S`","code":{"code":"E0220","explanation":"The associated type used was not defined in the trait.\n\nErroneous code example:\n\n```compile_fail,E0220\ntrait T1 {\n    type Bar;\n}\n\ntype Foo = T1<F=i32>; // error: associated type `F` not found for `T1`\n\n// or:\n\ntrait T2 {\n    type Bar;\n\n    // error: Baz is used but not declared\n    fn return_bool(&self, _: &Self::Bar, _: &Self::Baz) -> bool;\n}\n```\n\nMake sure that you have defined the associated type in the trait body.\nAlso, verify that you used the right trait or you didn't misspell the\nassociated type name. Example:\n\n```\ntrait T1 {\n    type Bar;\n}\n\ntype Foo = T1<Bar=i32>; // ok!\n\n// or:\n\ntrait T2 {\n    type Bar;\n    type Baz; // we declare `Baz` in our trait.\n\n    // and now we can use it here:\n    fn return_bool(&self, _: &Self::Bar, _: &Self::Baz) -> bool;\n}\n```\n"},"level":"error","spans":[{"file_name":"src/lib.rs","byte_start":999,"byte_end":1012,"line_start":47,"line_end":47,"column_start":24,"column_end":37,"is_primary":true,"text":[{"text":"#[derive(Clone, Debug, SpacetimeType)]","highlight_start":24,"highlight_end":37}],"label":"associated type `Ok` not found","suggested_replacement":null,"suggestion_applicability":null,"expansion":{"span":{"file_name":"src/lib.rs","byte_start":999,"byte_end":1012,"line_start":47,"line_end":47,"column_start":24,"column_end":37,"is_primary":false,"text":[{"text":"#[derive(Clone, Debug, SpacetimeType)]","highlight_start":24,"highlight_end":37}],"label":null,"suggested_replacement":null,"suggestion_applicability":null,"expansion":null},"macro_decl_name":"#[derive(SpacetimeType)]","def_site_span":{"file_name":"/Users/christophersantangelo/.cargo/registry/src/index.crates.io-1949cf8c6b5b557f/spacetimedb-bindings-macro-1.3.0/src/lib.rs","byte_start":7782,"byte_end":7841,"line_start":229,"line_end":229,"column_start":1,"column_end":60,"is_primary":false,"text":[{"text":"pub fn schema_type(input: StdTokenStream) -> StdTokenStream {","highlight_start":1,"highlight_end":60}],"label":null,"suggested_replacement":null,"suggestion_applicability":null,"expansion":null}}}],"children":[],"rendered":"\u001b[0m\u001b[1m\u001b[38;5;9merror[E0220]\u001b[0m\u001b[0m\u001b[1m: associated type `Ok` not found for `S`\u001b[0m\n\u001b[0m  \u001b[0m\u001b[0m\u001b[1m\u001b[38;5;12m--> \u001b[0m\u001b[0msrc/lib.rs:47:24\u001b[0m\n\u001b[0m   \u001b[0m\u001b[0m\u001b[1m\u001b[38;5;12m|\u001b[0m\n\u001b[0m\u001b[1m\u001b[38;5;12m47\u001b[0m\u001b[0m \u001b[0m\u001b[0m\u001b[1m\u001b[38;5;12m|\u001b[0m\u001b[0m \u001b[0m\u001b[0m#[derive(Clone, Debug, SpacetimeType)]\u001b[0m\n\u001b[0m   \u001b[0m\u001b[0m\u001b[1m\u001b[38;5;12m|\u001b[0m\u001b[0m                        \u001b[0m\u001b[0m\u001b[1m\u001b[38;5;9m^^^^^^^^^^^^^\u001b[0m\u001b[0m \u001b[0m\u001b[0m\u001b[1m\u001b[38;5;9massociated type `Ok` not found\u001b[0m\n\u001b[0m   \u001b[0m\u001b[0m\u001b[1m\u001b[38;5;12m|\u001b[0m\n\u001b[0m   \u001b[0m\u001b[0m\u001b[1m\u001b[38;5;12m= \u001b[0m\u001b[0m\u001b[1mnote\u001b[0m\u001b[0m: this error originates in the derive macro `SpacetimeType` (in Nightly builds, run with -Z macro-backtrace for more info)\u001b[0m\n\n"}
{"$message_type":"diagnostic","message":"associated type `Error` not found for `S`","code":{"code":"E0220","explanation":"The associated type used was not defined in the trait.\n\nErroneous code example:\n\n```compile_fail,E0220\ntrait T1 {\n    type Bar;\n}\n\ntype Foo = T1<F=i32>; // error: associated type `F` not found for `T1`\n\n// or:\n\ntrait T2 {\n    type Bar;\n\n    // error: Baz is used but not declared\n    fn return_bool(&self, _: &Self::Bar, _: &Self::Baz) -> bool;\n}\n```\n\nMake sure that you have defined the associated type in the trait body.\nAlso, verify that you used the right trait or you didn't misspell the\nassociated type name. Example:\n\n```\ntrait T1 {\n    type Bar;\n}\n\ntype Foo = T1<Bar=i32>; // ok!\n\n// or:\n\ntrait T2 {\n    type Bar;\n    type Baz; // we declare `Baz` in our trait.\n\n    // and now we can use it here:\n    fn return_bool(&self, _: &Self::Bar, _: &Self::Baz) -> bool;\n}\n```\n"},"level":"error","spans":[{"file_name":"src/lib.rs","byte_start":999,"byte_end":1012,"line_start":47,"line_end":47,"column_start":24,"column_end":37,"is_primary":true,"text":[{"text":"#[derive(Clone, Debug, SpacetimeType)]","highlight_start":24,"highlight_end":37}],"label":"associated type `Error` not found","suggested_replacement":null,"suggestion_applicability":null,"expansion":{"span":{"file_name":"src/lib.rs","byte_start":999,"byte_end":1012,"line_start":47,"line_end":47,"column_start":24,"column_end":37,"is_primary":false,"text":[{"text":"#[derive(Clone, Debug, SpacetimeType)]","highlight_start":24,"highlight_end":37}],"label":null,"suggested_replacement":null,"suggestion_applicability":null,"expansion":null},"macro_decl_name":"#[derive(SpacetimeType)]","def_site_span":{"file_name":"/Users/christophersantangelo/.cargo/registry/src/index.crates.io-1949cf8c6b5b557f/spacetimedb-bindings-macro-1.3.0/src/lib.rs","byte_start":7782,"byte_end":7841,"line_start":229,"line_end":229,"column_start":1,"column_end":60,"is_primary":false,"text":[{"text":"pub fn schema_type(input: StdTokenStream) -> StdTokenStream {","highlight_start":1,"highlight_end":60}],"label":null,"suggested_replacement":null,"suggestion_applicability":null,"expansion":null}}}],"children":[],"rendered":"\u001b[0m\u001b[1m\u001b[38;5;9merror[E0220]\u001b[0m\u001b[0m\u001b[1m: associated type `Error` not found for `S`\u001b[0m\n\u001b[0m  \u001b[0m\u001b[0m\u001b[1m\u001b[38;5;12m--> \u001b[0m\u001b[0msrc/lib.rs:47:24\u001b[0m\n\u001b[0m   \u001b[0m\u001b[0m\u001b[1m\u001b[38;5;12m|\u001b[0m\n\u001b[0m\u001b[1m\u001b[38;5;12m47\u001b[0m\u001b[0m \u001b[0m\u001b[0m\u001b[1m\u001b[38;5;12m|\u001b[0m\u001b[0m \u001b[0m\u001b[0m#[derive(Clone, Debug, SpacetimeType)]\u001b[0m\n\u001b[0m   \u001b[0m\u001b[0m\u001b[1m\u001b[38;5;12m|\u001b[0m\u001b[0m                        \u001b[0m\u001b[0m\u001b[1m\u001b[38;5;9m^^^^^^^^^^^^^\u001b[0m\u001b[0m \u001b[0m\u001b[0m\u001b[1m\u001b[38;5;9massociated type `Error` not found\u001b[0m\n\u001b[0m   \u001b[0m\u001b[0m\u001b[1m\u001b[38;5;12m|\u001b[0m\n\u001b[0m   \u001b[0m\u001b[0m\u001b[1m\u001b[38;5;12m= \u001b[0m\u001b[0m\u001b[1mnote\u001b[0m\u001b[0m: this error originates in the derive macro `SpacetimeType` (in Nightly builds, run with -Z macro-backtrace for more info)\u001b[0m\n\n"}
{"$message_type":"diagnostic","message":"aborting due to 19 previous errors","code":null,"level":"error","spans":[],"children":[],"rendered":"\u001b[0m\u001b[1m\u001b[38;5;9merror\u001b[0m\u001b[0m\u001b[1m: aborting due to 19 previous errors\u001b[0m\n\n"}
{"$message_type":"diagnostic","message":"Some errors have detailed explanations: E0220, E0223, E0432.","code":null,"level":"failure-note","spans":[],"children":[],"rendered":"\u001b[0m\u001b[1mSome errors have detailed explanations: E0220, E0223, E0432.\u001b[0m\n"}
{"$message_type":"diagnostic","message":"For more information about an error, try `rustc --explain E0220`.","code":null,"level":"failure-note","spans":[],"children":[],"rendered":"\u001b[0m\u001b[1mFor more information about an error, try `rustc --explain E0220`.\u001b[0m\n"}
